app/build/outputs/logs/manifest-merger-debug-report.txt
-- Merging decision tree log ---
manifest
ADDED from src/main/AndroidManifest.xml:22:1-139:12
INJECTED from src/main/AndroidManifest.xml:22:1-139:12
INJECTED from src/main/AndroidManifest.xml:22:1-139:12
	package
		ADDED from src/main/AndroidManifest.xml:23:5-42
		INJECTED from src/main/AndroidManifest.xml
		INJECTED from src/main/AndroidManifest.xml
	xmlns:android
		ADDED from src/main/AndroidManifest.xml:22:11-69
application
ADDED from src/main/AndroidManifest.xml:25:5-135:19
	android:label
		ADDED from src/main/AndroidManifest.xml:26:9-41
	android:icon
		ADDED from src/main/AndroidManifest.xml:25:18-52
provider#com.example.android.notepad.NotePadProvider
ADDED from src/main/AndroidManifest.xml:28:9-32:20
	android:authorities
		ADDED from src/main/AndroidManifest.xml:29:13-62
	android:exported
		ADDED from src/main/AndroidManifest.xml:30:13-37
	android:name
		ADDED from src/main/AndroidManifest.xml:28:19-49
grant-uri-permission
ADDED from src/main/AndroidManifest.xml:31:13-62
	android:pathPattern
		ADDED from src/main/AndroidManifest.xml:31:35-59
activity#com.example.android.notepad.NotesList
ADDED from src/main/AndroidManifest.xml:34:9-52:20
	android:label
		ADDED from src/main/AndroidManifest.xml:34:44-84
	android:theme
		ADDED from src/main/AndroidManifest.xml:35:13-60
	android:name
		ADDED from src/main/AndroidManifest.xml:34:19-43
intent-filter#action:name:android.intent.action.MAIN+category:name:android.intent.category.LAUNCHER
ADDED from src/main/AndroidManifest.xml:36:13-39:29
action#android.intent.action.MAIN
ADDED from src/main/AndroidManifest.xml:37:17-69
	android:name
		ADDED from src/main/AndroidManifest.xml:37:25-66
category#android.intent.category.LAUNCHER
ADDED from src/main/AndroidManifest.xml:38:17-77
	android:name
		ADDED from src/main/AndroidManifest.xml:38:27-74
intent-filter#action:name:android.intent.action.EDIT+action:name:android.intent.action.PICK+action:name:android.intent.action.VIEW+category:name:android.intent.category.DEFAULT+data:mimeType:vnd.android.cursor.dir/vnd.google.note
ADDED from src/main/AndroidManifest.xml:40:13-46:29
action#android.intent.action.VIEW
ADDED from src/main/AndroidManifest.xml:41:17-69
	android:name
		ADDED from src/main/AndroidManifest.xml:41:25-66
action#android.intent.action.EDIT
ADDED from src/main/AndroidManifest.xml:42:17-69
	android:name
		ADDED from src/main/AndroidManifest.xml:42:25-66
action#android.intent.action.PICK
ADDED from src/main/AndroidManifest.xml:43:17-69
	android:name
		ADDED from src/main/AndroidManifest.xml:43:25-66
category#android.intent.category.DEFAULT
ADDED from src/main/AndroidManifest.xml:44:17-76
	android:name
		ADDED from src/main/AndroidManifest.xml:44:27-73
data
ADDED from src/main/AndroidManifest.xml:45:17-83
	android:mimeType
		ADDED from src/main/AndroidManifest.xml:45:23-80
intent-filter#action:name:android.intent.action.GET_CONTENT+category:name:android.intent.category.DEFAULT+data:mimeType:vnd.android.cursor.item/vnd.google.note
ADDED from src/main/AndroidManifest.xml:47:13-51:29
action#android.intent.action.GET_CONTENT
ADDED from src/main/AndroidManifest.xml:48:17-76
	android:name
		ADDED from src/main/AndroidManifest.xml:48:25-73
activity#com.example.android.notepad.NoteEditor
ADDED from src/main/AndroidManifest.xml:55:9-83:20
	android:screenOrientation
		ADDED from src/main/AndroidManifest.xml:57:13-47
	android:configChanges
		ADDED from src/main/AndroidManifest.xml:58:13-63
	android:theme
		ADDED from src/main/AndroidManifest.xml:56:13-60
	android:name
		ADDED from src/main/AndroidManifest.xml:55:19-44
intent-filter#action:name:android.intent.action.EDIT+action:name:android.intent.action.VIEW+action:name:com.android.notepad.action.EDIT_NOTE+category:name:android.intent.category.DEFAULT+data:mimeType:vnd.android.cursor.item/vnd.google.note
ADDED from src/main/AndroidManifest.xml:62:13-68:29
	android:label
		ADDED from src/main/AndroidManifest.xml:62:28-64
action#com.android.notepad.action.EDIT_NOTE
ADDED from src/main/AndroidManifest.xml:65:17-79
	android:name
		ADDED from src/main/AndroidManifest.xml:65:25-76
intent-filter#action:name:android.intent.action.INSERT+action:name:android.intent.action.PASTE+category:name:android.intent.category.DEFAULT+data:mimeType:vnd.android.cursor.dir/vnd.google.note
ADDED from src/main/AndroidManifest.xml:74:13-79:29
action#android.intent.action.INSERT
ADDED from src/main/AndroidManifest.xml:75:17-71
	android:name
		ADDED from src/main/AndroidManifest.xml:75:25-68
action#android.intent.action.PASTE
ADDED from src/main/AndroidManifest.xml:76:17-70
	android:name
		ADDED from src/main/AndroidManifest.xml:76:25-67
activity#com.example.android.notepad.TitleEditor
ADDED from src/main/AndroidManifest.xml:86:9-111:20
	android:label
		ADDED from src/main/AndroidManifest.xml:87:13-53
	android:windowSoftInputMode
		ADDED from src/main/AndroidManifest.xml:90:13-55
	android:icon
		ADDED from src/main/AndroidManifest.xml:88:13-50
	android:theme
		ADDED from src/main/AndroidManifest.xml:89:13-61
	android:name
		ADDED from src/main/AndroidManifest.xml:86:19-45
intent-filter#action:name:com.android.notepad.action.EDIT_TITLE+category:name:android.intent.category.ALTERNATIVE+category:name:android.intent.category.DEFAULT+category:name:android.intent.category.SELECTED_ALTERNATIVE+data:mimeType:vnd.android.cursor.item/vnd.google.note
ADDED from src/main/AndroidManifest.xml:95:13-110:29
	android:label
		ADDED from src/main/AndroidManifest.xml:95:28-65
action#com.android.notepad.action.EDIT_TITLE
ADDED from src/main/AndroidManifest.xml:99:17-80
	android:name
		ADDED from src/main/AndroidManifest.xml:99:25-77
category#android.intent.category.ALTERNATIVE
ADDED from src/main/AndroidManifest.xml:104:17-80
	android:name
		ADDED from src/main/AndroidManifest.xml:104:27-77
category#android.intent.category.SELECTED_ALTERNATIVE
ADDED from src/main/AndroidManifest.xml:107:17-89
	android:name
		ADDED from src/main/AndroidManifest.xml:107:27-86
activity#com.example.android.notepad.NotesLiveFolder
ADDED from src/main/AndroidManifest.xml:113:9-119:20
	android:label
		ADDED from src/main/AndroidManifest.xml:113:50-90
	android:icon
		ADDED from src/main/AndroidManifest.xml:114:13-55
	android:name
		ADDED from src/main/AndroidManifest.xml:113:19-49
intent-filter#action:name:android.intent.action.CREATE_LIVE_FOLDER+category:name:android.intent.category.DEFAULT
ADDED from src/main/AndroidManifest.xml:115:13-118:29
action#android.intent.action.CREATE_LIVE_FOLDER
ADDED from src/main/AndroidManifest.xml:116:17-83
	android:name
		ADDED from src/main/AndroidManifest.xml:116:25-80
activity#com.example.android.notepad.NoteSearch
ADDED from src/main/AndroidManifest.xml:122:9-125:20
	android:label
		ADDED from src/main/AndroidManifest.xml:124:13-55
	android:name
		ADDED from src/main/AndroidManifest.xml:123:13-38
activity#com.example.android.notepad.NoteColor
ADDED from src/main/AndroidManifest.xml:130:9-133:57
	android:label
		ADDED from src/main/AndroidManifest.xml:132:13-40
	android:windowSoftInputMode
		ADDED from src/main/AndroidManifest.xml:133:13-55
	android:theme
		ADDED from src/main/AndroidManifest.xml:131:13-67
	android:name
		ADDED from src/main/AndroidManifest.xml:130:19-43
uses-sdk
INJECTED from src/main/AndroidManifest.xml reason: use-sdk injection requested
INJECTED from src/main/AndroidManifest.xml
INJECTED from src/main/AndroidManifest.xml
INJECTED from src/main/AndroidManifest.xml
INJECTED from src/main/AndroidManifest.xml
	android:targetSdkVersion
		INJECTED from src/main/AndroidManifest.xml
		ADDED from src/main/AndroidManifest.xml
		INJECTED from src/main/AndroidManifest.xml
	android:minSdkVersion
		INJECTED from src/main/AndroidManifest.xml
		ADDED from src/main/AndroidManifest.xml
		INJECTED from src/main/AndroidManifest.xml